www.javatpoint.com › java-tutorialJava Tutorial | Learn Java Programming - javatpoint
Java is a programming language and a platform. Java is a high level, robust, object-oriented and secure programming language. Java was developed by Sun Microsystems (which is now the subsidiary of Oracle) in the year 1995. James Gosling is known as the father of Java. Before Java, its name was Oak.

Other articles from javatpoint.com

Access modifiers in java
MS Full Form
Java Basics | Basics of Java
Operator Shifting in Java
www.java.com › download › ie_manualDownload Java for Windows
Apr 16, 2019 · Download Java. By downloading Java you acknowledge that you have read and accepted the terms of the Oracle Technology Network License Agreement for Oracle Java SE. When your Java installation completes, if you are using webstart, you may need to restart your browser (close all browser windows and re-open). » Installation Instructions.

Top stories
Java CDS improvements would help boost startup times
Java CDS improvements would help boost startup times
OpenJDK plan would improve support for archived Java heap objects in class data sharing, aligning with the Project Leyden effort to improve startup performance.

InfoWorld

20 hours ago

Java class data sharing upgrade would boost startup times
InfoWorld

Java class data sharing upgrade would boost startup times

1 day ago

Passion Java meets President Mnangagwa ahead of 2023 campaign
mbaretimes

Passion Java meets President Mnangagwa ahead of 2023 campaign

20 hours ago

West Side Java maintains customers’ comfort coffee spot while also exploring newer additions to menu
Newton Daily News

West Side Java maintains customers’ comfort coffee spot while also exploring newer additions to menu

9 hours ago

Business Daily on MSN.com

Java back on sale as UK equity fund eyes billions

Restaurant chain Java House has been put on sale by UK-based private equity fund Actis for an undisclosed value expected to run into billions of shillings, three years after it was acquired from Dubai-based Abraaj Group.

7 hours ago
View all
www.oracle.com › in › javaJava Software | Oracle India
Oracle Java is the #1 programming language and development platform. It reduces costs, shortens development timeframes, drives innovation, and improves application services. With millions of developers running more than 60 billion Java Virtual Machines worldwide, Java continues to be the development platform of choice for enterprises and ...

www.geeksforgeeks.org › javaJava Programming Language - GeeksforGeeks
Dec 29, 2022 · Java is one of the most popular and widely used programming languages. Java has been one of the most popular programming languages for many years. Java is Object Oriented. However, it is not considered as pure object-oriented as it provides support for primitive data types (like int, char, etc) The Java codes are first compiled into byte code ...

12345Next

